<?xml version="1.0" encoding="UTF-8"?>
<!-- Generated by org.testng.reporters.JUnitReportReporter -->
<testsuite hostname="1L7W1B3" failures="0" tests="1" name="UserRegistrationTest" time="3.208" errors="0" timestamp="2022-03-05T11:05:48 CET" skipped="0">
  <testcase classname="UserRegistrationTest" name="shouldRegisterCorrectly" time="3.208"/>
  <system-out/>
</testsuite> <!-- UserRegistrationTest -->
